<?xml version="1.0" encoding="UTF-8"?>
<testng-results ignored="0" total="2" passed="2" failed="0" skipped="0">
  <reporter-output>
  </reporter-output>
  <suite started-at="2023-02-01T11:38:50 IST" name="Default suite" finished-at="2023-02-01T11:39:29 IST" duration-ms="38735">
    <groups>
    </groups>
    <test started-at="2023-02-01T11:38:50 IST" name="Default test" finished-at="2023-02-01T11:39:29 IST" duration-ms="38735">
      <class name="appiumpackage.SwipeandDrag">
        <test-method signature="drag()[pri:0, instance:appiumpackage.SwipeandDrag@55536d9e]" started-at="2023-02-01T11:38:50 IST" name="drag" finished-at="2023-02-01T11:39:11 IST" duration-ms="20408" status="PASS">
          <reporter-output>
          </reporter-output>
        </test-method> <!-- drag -->
        <test-method signature="swipe()[pri:0, instance:appiumpackage.SwipeandDrag@55536d9e]" started-at="2023-02-01T11:39:11 IST" name="swipe" finished-at="2023-02-01T11:39:29 IST" duration-ms="18268" status="PASS">
          <reporter-output>
          </reporter-output>
        </test-method> <!-- swipe -->
      </class> <!-- appiumpackage.SwipeandDrag -->
    </test> <!-- Default test -->
  </suite> <!-- Default suite -->
</testng-results>
